<?xml version="1.0" encoding="UTF-8"?>
<!-- Generated by org.testng.reporters.JUnitReportReporter -->
<testsuite hostname="DESKTOP-5EVK54D" failures="0" tests="2" name="runners.LoginRunner" time="0.748" errors="0" timestamp="2023-06-02T09:08:13 IST" skipped="0">
  <testcase classname="runners.LoginRunner" name="runScenario" time="0.690"/>
  <system-out/>
  <testcase classname="runners.LoginRunner" name="runScenario" time="0.058"/>
  <system-out/>
</testsuite> <!-- runners.LoginRunner -->
