<?xml version="1.0" encoding="UTF-8"?>
<!-- Generated by org.testng.reporters.JUnitReportReporter -->
<testsuite hostname="DESKTOP-5EVK54D" failures="0" tests="1" name="runners.ProfilePicRunner" time="0.962" errors="0" timestamp="2023-06-05T09:30:16 IST" skipped="0">
  <testcase classname="runners.ProfilePicRunner" name="runScenario" time="0.962"/>
  <system-out/>
</testsuite> <!-- runners.ProfilePicRunner -->
