<?xml version="1.0" encoding="UTF-8"?>
<!-- Generated by org.testng.reporters.JUnitReportReporter -->
<testsuite hostname="DESKTOP-5EVK54D" failures="0" tests="2" name="runners.OrdersRunner" time="0.970" errors="0" timestamp="2023-06-07T08:46:29 IST" skipped="0">
  <testcase classname="runners.OrdersRunner" name="runScenario" time="0.239"/>
  <system-out/>
  <testcase classname="runners.OrdersRunner" name="runScenario" time="0.731"/>
  <system-out/>
</testsuite> <!-- runners.OrdersRunner -->
