<?xml version="1.0" encoding="UTF-8"?>
<!-- Generated by org.testng.reporters.JUnitReportReporter -->
<testsuite hostname="DESKTOP-5EVK54D" failures="0" tests="2" name="runners.LoginWithDataRunner" time="0.716" errors="0" timestamp="2023-06-03T08:19:35 IST" skipped="0">
  <testcase classname="runners.LoginWithDataRunner" name="runScenario" time="0.540"/>
  <system-out/>
  <testcase classname="runners.LoginWithDataRunner" name="runScenario" time="0.176"/>
  <system-out/>
</testsuite> <!-- runners.LoginWithDataRunner -->
