<?xml version="1.0" encoding="UTF-8"?>
<!-- Generated by org.testng.reporters.JUnitReportReporter -->
<testsuite hostname="DESKTOP-5EVK54D" failures="0" tests="2" name="runners.OrdersRunner" time="0.657" errors="0" timestamp="2023-06-03T08:49:58 IST" skipped="0">
  <testcase classname="runners.OrdersRunner" name="runScenario" time="0.550"/>
  <system-out/>
  <testcase classname="runners.OrdersRunner" name="runScenario" time="0.107"/>
  <system-out/>
</testsuite> <!-- runners.OrdersRunner -->
