<?xml version="1.0" encoding="UTF-8"?>
<!-- Generated by org.testng.reporters.JUnitReportReporter -->
<testsuite hostname="DESKTOP-5EVK54D" failures="0" tests="3" name="runners.ProfileRunner" time="1.204" errors="0" timestamp="2023-06-05T09:04:48 IST" skipped="0">
  <testcase classname="runners.ProfileRunner" name="runScenario" time="0.688"/>
  <system-out/>
  <testcase classname="runners.ProfileRunner" name="runScenario" time="0.214"/>
  <system-out/>
  <testcase classname="runners.ProfileRunner" name="runScenario" time="0.302"/>
  <system-out/>
</testsuite> <!-- runners.ProfileRunner -->
